<?xml version="1.0" encoding="UTF-8"?>
<testsuite name="org.the_internet.tests.MultipleWindowsTest" tests="1" skipped="0" failures="0" errors="0" timestamp="2024-12-09T17:47:29" hostname="DELLSMALL" time="0.317">
  <properties/>
  <testcase name="multipleWindowsTest" classname="org.the_internet.tests.MultipleWindowsTest" time="0.317"/>
  <system-out><![CDATA[]]></system-out>
  <system-err><![CDATA[]]></system-err>
</testsuite>
